<?xml version="1.0" encoding="UTF-8"?>
<!-- Generated by org.testng.reporters.JUnitReportReporter -->
<testsuite hostname="DESKTOP-9878HTG" failures="0" tests="1" name="com.test.HomePageAPI" time="3.326" errors="0" timestamp="2023-11-10T14:51:20 IST" skipped="0">
  <testcase classname="com.test.HomePageAPI" name="meetupSearchAPI" time="3.326"/>
  <system-out/>
</testsuite> <!-- com.test.HomePageAPI -->
