<?xml version="1.0" encoding="UTF-8"?>
<!-- Generated by org.testng.reporters.JUnitReportReporter -->
<testsuite hostname="DESKTOP-9878HTG" failures="0" tests="1" name="com.test.Example1" time="0.210" errors="0" timestamp="2023-11-10T14:16:26 IST" skipped="0">
  <testcase classname="com.test.Example1" name="login" time="0.210"/>
  <system-out/>
</testsuite> <!-- com.test.Example1 -->
