<?xml version="1.0" encoding="UTF-8"?>
<!-- Generated by org.testng.reporters.JUnitReportReporter -->
<testsuite hostname="DESKTOP-9878HTG" failures="0" tests="2" name="com.test.SignUpTest" time="3.940" errors="0" timestamp="2023-12-12T17:22:19 IST" skipped="1">
  <testcase classname="com.test.SignUpTest" name="invalidReferralSignUp" time="3.940"/>
  <system-out/>
  <testcase classname="com.test.SignUpTest" name="googleLogin">
    <skipped/>
  </testcase> <!-- googleLogin -->
  <system-out/>
</testsuite> <!-- com.test.SignUpTest -->
